<?xml version="1.0" encoding="UTF-8" ?>
<testsuite tests="1" failures="0" name="org.example.TestExercise" time="8.145" errors="0" skipped="0">
  <properties>
    <property name="JOB_NAME" value="SeleniumMaven"/>
    <property name="java.vendor" value="Oracle Corporation"/>
    <property name="sun.java.launcher" value="SUN_STANDARD"/>
    <property name="RUN_TESTS_DISPLAY_URL" value="http://localhost:8080/job/SeleniumMaven/3/display/redirect?page=tests"/>
    <property name="NUMBER_OF_PROCESSORS" value="16"/>
    <property name="sun.management.compiler" value="HotSpot 64-Bit Tiered Compilers"/>
    <property name="JENKINS_HOME" value="C:\Users\AydinE\.jenkins"/>
    <property name="FPS_BROWSER_USER_PROFILE_STRING" value="Default"/>
    <property name="HUDSON_SERVER_COOKIE" value="997ec7a400cb64b3"/>
    <property name="POM_ARTIFACTID" value="demoQaProject"/>
    <property name="os.name" value="Windows 10"/>
    <property name="EXECUTOR_NUMBER" value="1"/>
    <property name="sun.desktop" value="windows"/>
    <property name="PATHEXT" value=".COM;.EXE;.BAT;.CMD;.VBS;.VBE;.JS;.JSE;.WSF;.WSH;.MSC"/>
    <property name="POM_DISPLAYNAME" value="demoQaProject"/>
    <property name="java.vm.specification.vendor" value="Oracle Corporation"/>
    <property name="TEMP" value="C:\Users\AydinE\AppData\Local\Temp"/>
    <property name="NODE_LABELS" value="built-in"/>
    <property name="java.runtime.version" value="11.0.16+11-LTS-199"/>
    <property name="FPS_BROWSER_APP_PROFILE_STRING" value="Internet Explorer"/>
    <property name="user.name" value="AydinE"/>
    <property name="guice.disable.misplaced.annotation.check" value="true"/>
    <property name="CommonProgramW6432" value="C:\Program Files\Common Files"/>
    <property name="ProgramFiles" value="C:\Program Files"/>
    <property name="PROMPT" value="$P$G"/>
    <property name="user.language" value="tr"/>
    <property name="JOB_BASE_NAME" value="SeleniumMaven"/>
    <property name="RUN_CHANGES_DISPLAY_URL" value="http://localhost:8080/job/SeleniumMaven/3/display/redirect?page=changes"/>
    <property name="BUILD_DISPLAY_NAME" value="#3"/>
    <property name="OneDrive" value="C:\Users\AydinE\OneDrive"/>
    <property name="sun.boot.library.path" value="C:\Program Files\Java\jdk-11.0.16\bin"/>
    <property name="java.vm.compressedOopsMode" value="Zero based"/>
    <property name="LOCALAPPDATA" value="C:\Users\AydinE\AppData\Local"/>
    <property name="java.version" value="11.0.16"/>
    <property name="user.timezone" value="Asia/Istanbul"/>
    <property name="PROCESSOR_LEVEL" value="23"/>
    <property name="USERNAME" value="AydinE"/>
    <property name="sun.arch.data.model" value="64"/>
    <property name="NODE_NAME" value="built-in"/>
    <property name="BUILD_ID" value="3"/>
    <property name="sun.cpu.isalist" value="amd64"/>
    <property name="sun.jnu.encoding" value="Cp1254"/>
    <property name="maven.conf" value="C:\apache-maven-3.8.6\conf"/>
    <property name="HOMEDRIVE" value="C:"/>
    <property name="file.separator" value="\"/>
    <property name="java.specification.name" value="Java Platform API Specification"/>
    <property name="java.class.version" value="55.0"/>
    <property name="=::" value="::\"/>
    <property name="org.slf4j.simpleLogger.defaultLogLevel" value="info"/>
    <property name="user.country" value="TR"/>
    <property name="ALLUSERSPROFILE" value="C:\ProgramData"/>
    <property name="java.home" value="C:\Program Files\Java\jdk-11.0.16"/>
    <property name="java.vm.info" value="mixed mode"/>
    <property name="os.version" value="10.0"/>
    <property name="=ExitCode" value="00000000"/>
    <property name="RUN_DISPLAY_URL" value="http://localhost:8080/job/SeleniumMaven/3/display/redirect"/>
    <property name="POM_VERSION" value="1.0-SNAPSHOT"/>
    <property name="TMP" value="C:\Users\AydinE\AppData\Local\Temp"/>
    <property name="path.separator" value=";"/>
    <property name="RUN_ARTIFACTS_DISPLAY_URL" value="http://localhost:8080/job/SeleniumMaven/3/display/redirect?page=artifacts"/>
    <property name="java.vm.version" value="11.0.16+11-LTS-199"/>
    <property name="user.variant" value=""/>
    <property name="CommonProgramFiles(x86)" value="C:\Program Files (x86)\Common Files"/>
    <property name="JOB_DISPLAY_URL" value="http://localhost:8080/job/SeleniumMaven/display/redirect"/>
    <property name="USERDOMAIN_ROAMINGPROFILE" value="ENES-AYDIN"/>
    <property name="java.awt.printerjob" value="sun.awt.windows.WPrinterJob"/>
    <property name="CommonProgramFiles" value="C:\Program Files\Common Files"/>
    <property name="sun.io.unicode.encoding" value="UnicodeLittle"/>
    <property name="JAVA_HOME" value="C:\Program Files\Java\jdk-11.0.16"/>
    <property name="ComSpec" value="C:\Windows\system32\cmd.exe"/>
    <property name="HOMEPATH" value="\Users\AydinE"/>
    <property name="awt.toolkit" value="sun.awt.windows.WToolkit"/>
    <property name="POM_PACKAGING" value="jar"/>
    <property name="COMPUTERNAME" value="ENES-AYDIN"/>
    <property name="user.script" value=""/>
    <property name="POM_GROUPID" value="org.example"/>
    <property name="user.home" value="C:\Users\AydinE"/>
    <property name="PUBLIC" value="C:\Users\Public"/>
    <property name="BUILD_TAG" value="jenkins-SeleniumMaven-3"/>
    <property name="JENKINS_SERVER_COOKIE" value="997ec7a400cb64b3"/>
    <property name="HUDSON_URL" value="http://localhost:8080/"/>
    <property name="ProgramData" value="C:\ProgramData"/>
    <property name="java.version.date" value="2022-07-19"/>
    <property name="java.specification.vendor" value="Oracle Corporation"/>
    <property name="USERPROFILE" value="C:\Users\AydinE"/>
    <property name="CLASSPATH" value=""/>
    <property name="java.library.path" value="C:\Program Files\Java\jdk-11.0.16\bin;C:\Windows\Sun\Java\bin;C:\Windows\system32;C:\Windows;C:\apache-maven-3.8.6/bin;C:\Program Files\Java\jdk-11.0.16/bin;C:\Program Files\Java\jdk-11.0.16/bin;C:\Program Files\Common Files\Oracle\Java\javapath;C:\Windows\system32;C:\Windows;C:\Windows\System32\Wbem;C:\Windows\System32\WindowsPowerShell\v1.0\;C:\Windows\System32\OpenSSH\;C:\Program Files\Git\cmd;C:\Program Files\nodejs\;C:\apache-maven-3.8.6\bin;C:\Users\AydinE\AppData\Local\Microsoft\WindowsApps;C:\Users\AydinE\AppData\Roaming\npm;C:\Users\AydinE\AppData\Local\Programs\Microsoft VS Code\bin;."/>
    <property name="java.vendor.url" value="https://openjdk.java.net/"/>
    <property name="java.vm.vendor" value="Oracle Corporation"/>
    <property name="APPDATA" value="C:\Users\AydinE\AppData\Roaming"/>
    <property name="java.runtime.name" value="Java(TM) SE Runtime Environment"/>
    <property name="maven.home" value="C:\apache-maven-3.8.6"/>
    <property name="java.class.path" value="C:\Users\AydinE\.jenkins\plugins\maven-plugin\WEB-INF\lib\maven35-agent-1.13.jar;C:\apache-maven-3.8.6\boot\plexus-classworlds-2.6.0.jar;C:\apache-maven-3.8.6/conf/logging"/>
    <property name="sun.java.command" value="jenkins.maven3.agent.Maven35Main C:\apache-maven-3.8.6 C:\Users\AydinE\.jenkins\war\WEB-INF\lib\remoting-3044.vb_940a_a_e4f72e.jar C:\Users\AydinE\.jenkins\plugins\maven-plugin\WEB-INF\lib\maven35-interceptor-1.13.jar C:\Users\AydinE\.jenkins\plugins\maven-plugin\WEB-INF\lib\maven3-interceptor-commons-1.13.jar 50738"/>
    <property name="Path" value="C:\Program Files\Java\jdk-11.0.16/bin;C:\Program Files\Common Files\Oracle\Java\javapath;C:\Windows\system32;C:\Windows;C:\Windows\System32\Wbem;C:\Windows\System32\WindowsPowerShell\v1.0\;C:\Windows\System32\OpenSSH\;C:\Program Files\Git\cmd;C:\Program Files\nodejs\;C:\apache-maven-3.8.6\bin;C:\Users\AydinE\AppData\Local\Microsoft\WindowsApps;C:\Users\AydinE\AppData\Roaming\npm;C:\Users\AydinE\AppData\Local\Programs\Microsoft VS Code\bin"/>
    <property name="jdk.debug" value="release"/>
    <property name="PROCESSOR_ARCHITECTURE" value="AMD64"/>
    <property name="java.vm.specification.name" value="Java Virtual Machine Specification"/>
    <property name="jansi.mode" value="strip"/>
    <property name="PATH+JDK" value="C:\Program Files\Java\jdk-11.0.16/bin"/>
    <property name="SESSIONNAME" value="Console"/>
    <property name="PROCESSOR_IDENTIFIER" value="AMD64 Family 23 Model 104 Stepping 1, AuthenticAMD"/>
    <property name="java.vm.specification.version" value="11"/>
    <property name="M2_HOME" value="C:\apache-maven-3.8.6"/>
    <property name="sun.cpu.endian" value="little"/>
    <property name="sun.os.patch.level" value=""/>
    <property name="OS" value="Windows_NT"/>
    <property name="CI" value="true"/>
    <property name="java.io.tmpdir" value="C:\Users\AydinE\AppData\Local\Temp\"/>
    <property name="HUDSON_HOME" value="C:\Users\AydinE\.jenkins"/>
    <property name="PATH+MAVEN" value="C:\apache-maven-3.8.6/bin"/>
    <property name="ProgramFiles(x86)" value="C:\Program Files (x86)"/>
    <property name="java.vendor.url.bug" value="https://bugreport.java.com/bugreport/"/>
    <property name="BUILD_URL" value="http://localhost:8080/job/SeleniumMaven/3/"/>
    <property name="SystemRoot" value="C:\Windows"/>
    <property name="os.arch" value="amd64"/>
    <property name="java.awt.graphicsenv" value="sun.awt.Win32GraphicsEnvironment"/>
    <property name="ERROR_CODE" value="0"/>
    <property name="user.dir" value="C:\Users\AydinE\IdeaProjects\demoQaProject"/>
    <property name="JOB_URL" value="http://localhost:8080/job/SeleniumMaven/"/>
    <property name="LOGONSERVER" value="\\ENES-AYDIN"/>
    <property name="USERDOMAIN" value="ENES-AYDIN"/>
    <property name="MAVEN_HOME" value="C:\apache-maven-3.8.6"/>
    <property name="line.separator" value="
"/>
    <property name="java.vm.name" value="Java HotSpot(TM) 64-Bit Server VM"/>
    <property name="BUILD_NUMBER" value="3"/>
    <property name="PROCESSOR_REVISION" value="6801"/>
    <property name="JENKINS_URL" value="http://localhost:8080/"/>
    <property name="ProgramW6432" value="C:\Program Files"/>
    <property name="windir" value="C:\Windows"/>
    <property name="=C:" value="C:\Users\AydinE\IdeaProjects\mavenjenkins-master"/>
    <property name="file.encoding" value="Cp1254"/>
    <property name="SystemDrive" value="C:"/>
    <property name="maven3.interceptor" value="C:\Users\AydinE\.jenkins\plugins\maven-plugin\WEB-INF\lib\maven35-interceptor-1.13.jar"/>
    <property name="WORKSPACE_TMP" value="C:\Users\AydinE\.jenkins\workspace\SeleniumMaven@tmp"/>
    <property name="WORKSPACE" value="C:\Users\AydinE\.jenkins\workspace\SeleniumMaven"/>
    <property name="maven3.interceptor.common" value="C:\Users\AydinE\.jenkins\plugins\maven-plugin\WEB-INF\lib\maven3-interceptor-commons-1.13.jar"/>
    <property name="PSModulePath" value="C:\Program Files\WindowsPowerShell\Modules;C:\Windows\system32\WindowsPowerShell\v1.0\Modules"/>
    <property name="java.specification.version" value="11"/>
    <property name="DriverData" value="C:\Windows\System32\Drivers\DriverData"/>
    <property name="java.vendor.version" value="18.9"/>
  </properties>
  <testcase classname="org.example.TestExercise" name="formControl" time="8.145"/>
</testsuite>