<?xml version="1.0" encoding="UTF-8"?>
<!-- Generated by org.testng.reporters.JUnitReportReporter -->
<testsuite hostname="ENES-AYDIN" failures="0" tests="1" name="org.example.TestExercise" time="14.484" errors="0" timestamp="30 Sep 2022 08:07:31 GMT">
  <testcase classname="org.example.TestExercise" name="formControl" time="14.484"/>
</testsuite> <!-- org.example.TestExercise -->
